/Users/mirro/Projects/active-loop-patchmosaic/experiments/exp257_patch_mosaic_predator_prey.py:86: RuntimeWarning: Mean of empty slice
  sync=np.nanmean([x["sync"] for x in rows]),
==============================================================================================================
Exp 257 — PATCH-MOSAIC predator-prey: mechanism-isolating factorial. RAW — controller judges.
collapse regime attack_a=0.05 K_pred=40 hmax=0.05; FRESH seeds [100, 101, 102, 103, 104, 105, 106, 107, 108, 109]; PASS = both persist >= 8/10 + bounded + local turnover
==============================================================================================================
            cell  persist prey/10 pred/10 localext  recol   sync   cvP   cvQ exploded
--------------------------------------------------------------------------------------------------------------
     BASELINE_1P     0/10       0      10        1      0    nan  0.70  0.20    False
         NEITHER     0/10       0      10        8      0   0.45  0.84  0.30    False
     REFUGE_ONLY    10/10      10      10       12      0   0.62  0.24  0.16    False
  MIG_ONLY_ASYNC    10/10      10      10      270    269  -0.08  0.31  0.13    False
   MIG_ONLY_SYNC     0/10       0      10       22     14   0.61  1.13  0.57    False
            BOTH    10/10      10      10      151    150  -0.09  0.15  0.07    False
        HIGH_MIG    10/10      10      10      102    102  -0.01  0.26  0.11    False
   STRONG_REFUGE    10/10      10      10       73     73  -0.09  0.02  0.14    False

PREDECLARED CONTROL CHECKS:
  BASELINE_1P (single patch, mosaic's TOTAL pop) COLLAPSES: True (persist=0/10) [rules out scale]
  NEITHER (8p, no refuge, no migration) COLLAPSES: True (persist=0/10) [a mosaic mechanism is NECESSARY]
  REFUGE load-bearing (REFUGE_ONLY flips NEITHER): True (refuge_only=10/10)
  MIGRATION load-bearing (MIG_ONLY_ASYNC flips NEITHER): True (mig_only=10/10)
  asynchrony matters for migration-rescue (ASYNC vs SYNC mig-only): mig_async=10/10 vs mig_sync=0/10
  HIGH migration re-synchronizes/degrades vs MED: high=10/10 (sync=-0.01) vs mig_async med=10/10 (sync=-0.08)
  too-strong refuge STARVES predator: pred_pers(STRONG_REFUGE)=10/10 vs BOTH=10/10
  BOTH (refuge+migration+async) persists with local turnover: True (persist=10/10, localext=151, recol=150)

PRELIMINARY VERDICT (controller confirms against raw numbers): CAN_POSE_GLOBAL_COHABITATION + PATCH_MOSAIC_RESCUE_SUPPORTED (load-bearing: refuge + migration)

[written to experiments/outputs/exp257_patch_mosaic_predator_prey.txt]
