==============================================================================
EXP 221 — M4a precision schedule: SEPARATE schedule from session length
OPTIMISM=2.0 LR=4.0 held constant; schedule changes DECISIVENESS not the answer
CEIL=0.333; genuine = (csel>=0.5) AND (last>0.333)
         genuine_strict = (csel>=0.67) AND (last>0.333)
==============================================================================
FALSIFIER: if no short sched cell (sched_100/150/200) reaches >= 12/16 genuine,
  the 'annealing gamma rescues the short session' hypothesis is REFUTED.

--- CELL: sched_100  (gamma=1.0, schedule=(1.0, 8.0, 100), turns=100) ---
  seed 20: first 0.3939 -> last 0.1818  csel 0.3333  genuine=False
  seed 21: first 0.1515 -> last 0.1515  csel 0.5000  genuine=False
  seed 22: first 0.0909 -> last 0.0303  csel 0.0000  genuine=False
  seed 23: first 0.1212 -> last 0.1515  csel 0.0000  genuine=False
  seed 24: first 0.1515 -> last 0.0303  csel 0.0000  genuine=False
  seed 25: first 0.3333 -> last 0.3333  csel 0.3333  genuine=False
  seed 26: first 0.1212 -> last 0.3636  csel 0.3333  genuine=False
  seed 27: first 0.3030 -> last 0.1212  csel 0.3333  genuine=False
  seed 28: first 0.1515 -> last 0.1818  csel 0.3333  genuine=False
  seed 29: first 0.1212 -> last 0.1515  csel 0.1667  genuine=False
  seed 30: first 0.1515 -> last 0.1515  csel 0.0000  genuine=False
  seed 31: first 0.2121 -> last 0.1515  csel 0.3333  genuine=False
  seed 32: first 0.1212 -> last 0.0000  csel 0.0000  genuine=False
  seed 33: first 0.1212 -> last 0.1212  csel 0.1667  genuine=False
  seed 34: first 0.0909 -> last 0.3333  csel 0.3333  genuine=False
  seed 35: first 0.1515 -> last 0.0000  csel 0.0000  genuine=False
  genuine 0/16, genuine_strict 0/16, mean_csel 0.198, mean_last 0.153
  csel distribution: 0.00:6 | 0.17:2 | 0.33:7 | 0.50:1 | 0.67:0 | 0.83:0 | 1.00:0

--- CELL: sched_150  (gamma=1.0, schedule=(1.0, 8.0, 150), turns=150) ---
  seed 20: first 0.3600 -> last 0.1400  csel 0.1667  genuine=False
  seed 21: first 0.2200 -> last 0.3200  csel 0.3333  genuine=False
  seed 22: first 0.0800 -> last 0.0400  csel 0.0000  genuine=False
  seed 23: first 0.1800 -> last 0.0800  csel 0.0000  genuine=False
  seed 24: first 0.1400 -> last 0.0000  csel 0.0000  genuine=False
  seed 25: first 0.3000 -> last 0.3600  csel 0.3333  genuine=False
  seed 26: first 0.1200 -> last 0.2800  csel 0.3333  genuine=False
  seed 27: first 0.3000 -> last 0.5800  csel 0.6667  genuine=True  GENUINE
  seed 28: first 0.1800 -> last 0.3400  csel 0.3333  genuine=False
  seed 29: first 0.1400 -> last 0.2400  csel 0.1667  genuine=False
  seed 30: first 0.1600 -> last 0.0600  csel 0.0000  genuine=False
  seed 31: first 0.1400 -> last 0.4000  csel 0.6667  genuine=True  GENUINE
  seed 32: first 0.1400 -> last 0.1400  csel 0.3333  genuine=False
  seed 33: first 0.2000 -> last 0.3400  csel 0.3333  genuine=False
  seed 34: first 0.1200 -> last 0.2200  csel 0.3333  genuine=False
  seed 35: first 0.1400 -> last 0.3200  csel 0.3333  genuine=False
  genuine 2/16, genuine_strict 0/16, mean_csel 0.271, mean_last 0.241
  csel distribution: 0.00:4 | 0.17:2 | 0.33:8 | 0.50:0 | 0.67:2 | 0.83:0 | 1.00:0

--- CELL: sched_200  (gamma=1.0, schedule=(1.0, 8.0, 200), turns=200) ---
  seed 20: first 0.3030 -> last 0.2879  csel 0.5000  genuine=False
  seed 21: first 0.2576 -> last 0.3333  csel 0.3333  genuine=False
  seed 22: first 0.0909 -> last 0.0000  csel 0.0000  genuine=False
  seed 23: first 0.1515 -> last 0.1515  csel 0.1667  genuine=False
  seed 24: first 0.0909 -> last 0.0000  csel 0.0000  genuine=False
  seed 25: first 0.2273 -> last 0.3182  csel 0.3333  genuine=False
  seed 26: first 0.1818 -> last 0.3788  csel 0.5000  genuine=True  GENUINE
  seed 27: first 0.2727 -> last 0.5606  csel 0.6667  genuine=True  GENUINE
  seed 28: first 0.1970 -> last 0.3636  csel 0.3333  genuine=False
  seed 29: first 0.1212 -> last 0.1818  csel 0.3333  genuine=False
  seed 30: first 0.1818 -> last 0.2879  csel 0.3333  genuine=False
  seed 31: first 0.1212 -> last 0.6212  csel 0.6667  genuine=True  GENUINE
  seed 32: first 0.1061 -> last 0.1970  csel 0.5000  genuine=False
  seed 33: first 0.2121 -> last 0.4394  csel 0.3333  genuine=False
  seed 34: first 0.1212 -> last 0.2727  csel 0.3333  genuine=False
  seed 35: first 0.1364 -> last 0.3030  csel 0.5000  genuine=False
  genuine 3/16, genuine_strict 0/16, mean_csel 0.365, mean_last 0.294
  csel distribution: 0.00:2 | 0.17:1 | 0.33:7 | 0.50:4 | 0.67:2 | 0.83:0 | 1.00:0

--- CELL: sched_300  (gamma=1.0, schedule=(1.0, 8.0, 300), turns=300) ---
  seed 20: first 0.2400 -> last 0.4600  csel 0.5000  genuine=True  GENUINE
  seed 21: first 0.2400 -> last 0.5700  csel 0.6667  genuine=True  GENUINE
  seed 22: first 0.0800 -> last 0.4800  csel 0.6667  genuine=True  GENUINE
  seed 23: first 0.1700 -> last 0.3200  csel 0.3333  genuine=False
  seed 24: first 0.0800 -> last 0.0800  csel 0.3333  genuine=False
  seed 25: first 0.2300 -> last 0.4300  csel 0.5000  genuine=True  GENUINE
  seed 26: first 0.2100 -> last 0.4400  csel 0.5000  genuine=True  GENUINE
  seed 27: first 0.2100 -> last 0.6000  csel 0.6667  genuine=True  GENUINE
  seed 28: first 0.1400 -> last 0.4500  csel 0.6667  genuine=True  GENUINE
  seed 29: first 0.1500 -> last 0.4900  csel 0.5000  genuine=True  GENUINE
  seed 30: first 0.1800 -> last 0.4500  csel 0.5000  genuine=True  GENUINE
  seed 31: first 0.1400 -> last 0.6600  csel 0.6667  genuine=True  GENUINE
  seed 32: first 0.1500 -> last 0.2200  csel 0.3333  genuine=False
  seed 33: first 0.1800 -> last 0.7400  csel 0.8333  genuine=True  GENUINE STRICT
  seed 34: first 0.1400 -> last 0.5200  csel 0.5000  genuine=True  GENUINE
  seed 35: first 0.1100 -> last 0.6600  csel 0.6667  genuine=True  GENUINE
  genuine 13/16, genuine_strict 1/16, mean_csel 0.552, mean_last 0.473
  csel distribution: 0.00:0 | 0.17:0 | 0.33:3 | 0.50:6 | 0.67:6 | 0.83:1 | 1.00:0

--- CELL: fixed_100  (gamma=4.0, fixed, turns=100) ---
  seed 20: first 0.2121 -> last 0.1212  csel 0.1667  genuine=False
  seed 21: first 0.1212 -> last 0.3333  csel 0.3333  genuine=False
  seed 22: first 0.0303 -> last 0.0000  csel 0.0000  genuine=False
  seed 23: first 0.2121 -> last 0.1818  csel 0.1667  genuine=False
  seed 24: first 0.1818 -> last 0.0303  csel 0.0000  genuine=False
  seed 25: first 0.3333 -> last 0.3939  csel 0.6667  genuine=True  GENUINE
  seed 26: first 0.1515 -> last 0.3636  csel 0.3333  genuine=False
  seed 27: first 0.0909 -> last 0.3030  csel 0.3333  genuine=False
  seed 28: first 0.1515 -> last 0.2727  csel 0.3333  genuine=False
  seed 29: first 0.1515 -> last 0.1515  csel 0.3333  genuine=False
  seed 30: first 0.0909 -> last 0.0000  csel 0.0000  genuine=False
  seed 31: first 0.2121 -> last 0.2121  csel 0.1667  genuine=False
  seed 32: first 0.0909 -> last 0.0000  csel 0.0000  genuine=False
  seed 33: first 0.1818 -> last 0.0606  csel 0.3333  genuine=False
  seed 34: first 0.0606 -> last 0.1212  csel 0.3333  genuine=False
  seed 35: first 0.0606 -> last 0.0000  csel 0.0000  genuine=False
  genuine 1/16, genuine_strict 0/16, mean_csel 0.219, mean_last 0.159
  csel distribution: 0.00:5 | 0.17:3 | 0.33:7 | 0.50:0 | 0.67:1 | 0.83:0 | 1.00:0

--- CELL: fixed_150  (gamma=4.0, fixed, turns=150) ---
  seed 20: first 0.2000 -> last 0.1600  csel 0.1667  genuine=False
  seed 21: first 0.1800 -> last 0.3400  csel 0.3333  genuine=False
  seed 22: first 0.0200 -> last 0.0000  csel 0.0000  genuine=False
  seed 23: first 0.1800 -> last 0.3000  csel 0.3333  genuine=False
  seed 24: first 0.1200 -> last 0.1600  csel 0.3333  genuine=False
  seed 25: first 0.3200 -> last 0.4000  csel 0.5000  genuine=True  GENUINE
  seed 26: first 0.1800 -> last 0.3400  csel 0.5000  genuine=True  GENUINE
  seed 27: first 0.1200 -> last 0.3400  csel 0.3333  genuine=False
  seed 28: first 0.1400 -> last 0.3400  csel 0.3333  genuine=False
  seed 29: first 0.1400 -> last 0.4000  csel 0.5000  genuine=True  GENUINE
  seed 30: first 0.0800 -> last 0.0200  csel 0.0000  genuine=False
  seed 31: first 0.2800 -> last 0.4400  csel 0.5000  genuine=True  GENUINE
  seed 32: first 0.0600 -> last 0.0000  csel 0.0000  genuine=False
  seed 33: first 0.2200 -> last 0.3200  csel 0.3333  genuine=False
  seed 34: first 0.0800 -> last 0.3000  csel 0.3333  genuine=False
  seed 35: first 0.0400 -> last 0.0000  csel 0.0000  genuine=False
  genuine 4/16, genuine_strict 0/16, mean_csel 0.281, mean_last 0.241
  csel distribution: 0.00:4 | 0.17:1 | 0.33:7 | 0.50:4 | 0.67:0 | 0.83:0 | 1.00:0

--- CELL: fixed_200  (gamma=4.0, fixed, turns=200) ---
  seed 20: first 0.1818 -> last 0.1818  csel 0.1667  genuine=False
  seed 21: first 0.2121 -> last 0.3485  csel 0.3333  genuine=False
  seed 22: first 0.0152 -> last 0.0000  csel 0.0000  genuine=False
  seed 23: first 0.1818 -> last 0.3333  csel 0.3333  genuine=False
  seed 24: first 0.0909 -> last 0.3333  csel 0.3333  genuine=False
  seed 25: first 0.2879 -> last 0.4242  csel 0.5000  genuine=True  GENUINE
  seed 26: first 0.1667 -> last 0.4697  csel 0.5000  genuine=True  GENUINE
  seed 27: first 0.1667 -> last 0.4848  csel 0.6667  genuine=True  GENUINE
  seed 28: first 0.1364 -> last 0.3485  csel 0.3333  genuine=False
  seed 29: first 0.1061 -> last 0.5000  csel 0.5000  genuine=True  GENUINE
  seed 30: first 0.0606 -> last 0.1515  csel 0.1667  genuine=False
  seed 31: first 0.2273 -> last 0.5152  csel 0.5000  genuine=True  GENUINE
  seed 32: first 0.0455 -> last 0.0000  csel 0.0000  genuine=False
  seed 33: first 0.2121 -> last 0.3182  csel 0.3333  genuine=False
  seed 34: first 0.1061 -> last 0.3333  csel 0.3333  genuine=False
  seed 35: first 0.0303 -> last 0.0455  csel 0.1667  genuine=False
  genuine 5/16, genuine_strict 0/16, mean_csel 0.323, mean_last 0.299
  csel distribution: 0.00:2 | 0.17:3 | 0.33:6 | 0.50:4 | 0.67:1 | 0.83:0 | 1.00:0

--- CELL: fixed_300  (gamma=4.0, fixed, turns=300) ---
  seed 20: first 0.1600 -> last 0.1700  csel 0.1667  genuine=False
  seed 21: first 0.2500 -> last 0.3300  csel 0.3333  genuine=False
  seed 22: first 0.0100 -> last 0.0000  csel 0.0000  genuine=False
  seed 23: first 0.1800 -> last 0.3600  csel 0.5000  genuine=True  GENUINE
  seed 24: first 0.0700 -> last 0.4200  csel 0.6667  genuine=True  GENUINE
  seed 25: first 0.3200 -> last 0.5300  csel 0.5000  genuine=True  GENUINE
  seed 26: first 0.2300 -> last 0.5200  csel 0.5000  genuine=True  GENUINE
  seed 27: first 0.2100 -> last 0.5500  csel 0.6667  genuine=True  GENUINE
  seed 28: first 0.1800 -> last 0.3300  csel 0.3333  genuine=False
  seed 29: first 0.1200 -> last 0.5000  csel 0.5000  genuine=True  GENUINE
  seed 30: first 0.0400 -> last 0.1600  csel 0.1667  genuine=False
  seed 31: first 0.2200 -> last 0.5000  csel 0.5000  genuine=True  GENUINE
  seed 32: first 0.0300 -> last 0.0000  csel 0.0000  genuine=False
  seed 33: first 0.1600 -> last 0.3400  csel 0.3333  genuine=False
  seed 34: first 0.1100 -> last 0.3300  csel 0.3333  genuine=False
  seed 35: first 0.0200 -> last 0.1700  csel 0.1667  genuine=False
  genuine 7/16, genuine_strict 0/16, mean_csel 0.354, mean_last 0.326
  csel distribution: 0.00:2 | 0.17:3 | 0.33:4 | 0.50:5 | 0.67:2 | 0.83:0 | 1.00:0

--- GAP TABLE: sched_L - fixed_L for each session length ---
  L=100: sched=0/16  fixed=1/16  gap=-1
  L=150: sched=2/16  fixed=4/16  gap=-2
  L=200: sched=3/16  fixed=5/16  gap=-2
  L=300: sched=13/16  fixed=7/16  gap=+6

--- MEAN CSEL PER LENGTH (learning-blocker visibility) ---
  L=100: sched mean_csel=0.198  fixed mean_csel=0.219
  L=150: sched mean_csel=0.271  fixed mean_csel=0.281
  L=200: sched mean_csel=0.365  fixed mean_csel=0.323
  L=300: sched mean_csel=0.552  fixed mean_csel=0.354

regression: sched_300=13/16 (exp220 expected 13), fixed_300=7/16 (exp220 expected 7), match=True

VERDICT: LENGTH_NECESSARY_FALSIFIED
  FALSIFIER FIRES: no short sched cell reaches >= 12/16 genuine. Short sched results: sched_100=0/16, sched_150=2/16, sched_200=3/16. The 300t session is load-bearing; the schedule does NOT rescue the short session. The 'annealing gamma rescues the short session' hypothesis is REFUTED. Log NEGATIVE, do not reframe.

MACHINE SUMMARY: VERDICT=LENGTH_NECESSARY_FALSIFIED ceil=0.333 sched_100=0/16 sched_150=2/16 sched_200=3/16 sched_300=13/16 fixed_100=1/16 fixed_150=4/16 fixed_200=5/16 fixed_300=7/16 strict: sched_100=0/16 sched_150=0/16 sched_200=0/16 sched_300=1/16 fixed_100=0/16 fixed_150=0/16 fixed_200=0/16 fixed_300=0/16

[saved /Users/mirro/Projects/active-loop/experiments/outputs/exp221.txt]
